2025-07-06 02:15:09,206 - INFO - [START] Inicializando serviÁos...
2025-07-06 02:15:09,207 - INFO - [CTRL] Criando tabelas para bitcoin_stream.db em data\bitcoin_stream.db...
2025-07-06 02:15:09,220 - INFO - [CTRL] Criando tabelas para trading_analyzer.db em data\trading_analyzer.db...
2025-07-06 02:15:19,038 - INFO - [START] Inicializando serviÁos...
2025-07-06 02:15:19,040 - INFO - [CTRL] Criando tabelas para bitcoin_stream.db em data\bitcoin_stream.db...
2025-07-06 02:15:19,047 - INFO - [CTRL] Criando tabelas para trading_analyzer.db em data\trading_analyzer.db...
2025-07-06 02:16:26,627 - INFO - [START] Inicializando servi√ßos...
2025-07-06 02:16:26,629 - INFO - [CTRL] Criando tabelas para bitcoin_stream.db em data\bitcoin_stream.db...
2025-07-06 02:16:26,630 - INFO - [CTRL] Criando tabelas para bitcoin_stream.db em data\bitcoin_stream.db...
2025-07-06 02:16:26,631 - INFO - [CTRL] Criando tabelas para trading_analyzer.db em data\trading_analyzer.db...
2025-07-06 02:16:26,631 - INFO - [CTRL] Criando tabelas para trading_analyzer.db em data\trading_analyzer.db...
2025-07-06 02:16:26,645 - INFO - [OK] Todos os bancos de dados foram inicializados e migra√ß√µes aplicadas.
2025-07-06 02:17:17,782 - INFO - [START] Inicializando servi√ßos...
2025-07-06 02:17:17,783 - INFO - [CTRL] Criando tabelas para bitcoin_stream.db em data\bitcoin_stream.db...
2025-07-06 02:17:17,785 - INFO - [CTRL] Criando tabelas para trading_analyzer.db em data\trading_analyzer.db...
2025-07-06 02:17:17,786 - INFO - [OK] Todos os bancos de dados foram inicializados e migra√ß√µes aplicadas.
2025-07-06 02:17:17,802 - INFO - [TRADE] Tabelas do Trading Analyzer criadas/verificadas localmente.
2025-07-06 02:17:17,805 - INFO - [LOAD] Trading Analyzer: Carregados 0 pre√ßos, 0 sinais, an√°lises: 0
2025-07-06 02:17:17,805 - INFO - [TRADE] Trading Analyzer inicializado. DB: c:\Users\mzmvy\Documents\python\trading_system\services\..\data\trading_analyzer.db
2025-07-06 02:17:17,806 - INFO - [LOAD] Trading Analyzer: Carregados 0 pre√ßos, 0 sinais, an√°lises: 0
2025-07-06 02:18:32,658 - INFO - [START] Inicializando servi√ßos...
2025-07-06 02:18:32,661 - INFO - [CTRL] Criando tabelas para bitcoin_stream.db em data\bitcoin_stream.db...
2025-07-06 02:18:32,663 - INFO - [CTRL] Criando tabelas para trading_analyzer.db em data\trading_analyzer.db...
2025-07-06 02:18:32,665 - INFO - [OK] Todos os bancos de dados foram inicializados e migra√ß√µes aplicadas.
2025-07-06 02:18:32,667 - INFO - [TRADE] Tabelas do Trading Analyzer criadas/verificadas localmente.
2025-07-06 02:18:32,669 - INFO - [LOAD] Trading Analyzer: Carregados 0 pre√ßos, 0 sinais, an√°lises: 0
2025-07-06 02:18:32,669 - INFO - [TRADE] Trading Analyzer inicializado. DB: c:\Users\mzmvy\Documents\python\trading_system\services\..\data\trading_analyzer.db
2025-07-06 02:18:32,671 - INFO - [LOAD] Trading Analyzer: Carregados 0 pre√ßos, 0 sinais, an√°lises: 0
2025-07-06 02:27:05,721 - INFO - [START] Inicializando servi√ßos...
2025-07-06 02:27:05,723 - INFO - [CTRL] Criando tabelas para bitcoin_stream.db em data\bitcoin_stream.db...
2025-07-06 02:27:05,725 - INFO - [CTRL] Criando tabelas para trading_analyzer.db em data\trading_analyzer.db...
2025-07-06 02:27:05,726 - INFO - [OK] Todos os bancos de dados foram inicializados e migra√ß√µes aplicadas.
